Using pre-set license
Built from '2020.3/staging' branch; Version is '2020.3.6f1 (338bb68529b2) revision 3378102'; Using compiler version '192528614'; Build Type 'Release'
OS: 'Windows 10 Home; OS build 19042.985; Version 2009; 64bit' Language: 'en' Physical Memory: 8159 MB
BatchMode: 1, IsHumanControllingUs: 0, StartBugReporterOnCrash: 0, Is64bit: 1, IsPro: 0

 COMMAND LINE ARGUMENTS:
C:\Program Files\Unity\Hub\Editor\2020.3.6f1\Editor\Unity.exe
-adb2
-batchMode
-noUpm
-name
AssetImportWorker0
-projectPath
C:/Users/eyssa/Downloads/The-Hunted--master/The-Hunted--master
-logFile
Logs/AssetImportWorker0.log
-srvPort
61891
Successfully changed project path to: C:/Users/eyssa/Downloads/The-Hunted--master/The-Hunted--master
C:/Users/eyssa/Downloads/The-Hunted--master/The-Hunted--master
Using Asset Import Pipeline V2.
Refreshing native plugins compatible for Editor in 73.97 ms, found 0 plugins.
Preloading 0 native plugins for Editor in 0.00 ms.
Initialize engine version: 2020.3.6f1 (338bb68529b2)
[Subsystems] Discovering subsystems at path C:/Program Files/Unity/Hub/Editor/2020.3.6f1/Editor/Data/Resources/UnitySubsystems
[Subsystems] Discovering subsystems at path C:/Users/eyssa/Downloads/The-Hunted--master/The-Hunted--master/Assets
GfxDevice: creating device client; threaded=0
Direct3D:
    Version:  Direct3D 11.0 [level 11.1]
    Renderer: NVIDIA GeForce GTX 970 (ID=0x13c2)
    Vendor:   
    VRAM:     4043 MB
    Driver:   27.21.14.6647
Initialize mono
Mono path[0] = 'C:/Program Files/Unity/Hub/Editor/2020.3.6f1/Editor/Data/Managed'
Mono path[1] = 'C:/Program Files/Unity/Hub/Editor/2020.3.6f1/Editor/Data/MonoBleedingEdge/lib/mono/unityjit'
Mono config path = 'C:/Program Files/Unity/Hub/Editor/2020.3.6f1/Editor/Data/MonoBleedingEdge/etc'
Using monoOptions --debugger-agent=transport=dt_socket,embedding=1,server=y,suspend=n,address=127.0.0.1:56316
Begin MonoManager ReloadAssembly
Registering precompiled unity dll's ...
Register platform support module: C:/Program Files/Unity/Hub/Editor/2020.3.6f1/Editor/Data/PlaybackEngines/WebGLSupport/UnityEditor.WebGL.Extensions.dll
Register platform support module: C:/Program Files/Unity/Hub/Editor/2020.3.6f1/Editor/Data/PlaybackEngines/WindowsStandaloneSupport/UnityEditor.WindowsStandalone.Extensions.dll
Registered in 0.003245 seconds.
Native extension for WindowsStandalone target not found
Native extension for WebGL target not found
Refreshing native plugins compatible for Editor in 69.43 ms, found 0 plugins.
Preloading 0 native plugins for Editor in 0.00 ms.
Mono: successfully reloaded assembly
- Completed reload, in  8.555 seconds
Platform modules already initialized, skipping
Registering precompiled user dll's ...
Registered in 0.005706 seconds.
Begin MonoManager ReloadAssembly
Native extension for WindowsStandalone target not found
Native extension for WebGL target not found
Refreshing native plugins compatible for Editor in 0.72 ms, found 0 plugins.
Preloading 0 native plugins for Editor in 0.00 ms.
Mono: successfully reloaded assembly
- Completed reload, in  1.291 seconds
Platform modules already initialized, skipping
========================================================================
Worker process is ready to serve import requests
Launched and connected shader compiler UnityShaderCompiler.exe after 0.08 seconds
Refreshing native plugins compatible for Editor in 0.76 ms, found 0 plugins.
Preloading 0 native plugins for Editor in 0.00 ms.
Unloading 1843 Unused Serialized files (Serialized files now loaded: 0)
System memory in use before: 78.0 MB.
System memory in use after: 78.0 MB.

Unloading 46 unused Assets to reduce memory usage. Loaded Objects now: 2262.
Total: 6.780200 ms (FindLiveObjects: 0.212700 ms CreateObjectMapping: 0.079500 ms MarkObjects: 6.380400 ms  DeleteObjects: 0.105500 ms)

========================================================================
Received Import Request.
  path: Assets/BOXOPHOBIC
  artifactKey: Guid(01b678b0be04e1845804269a4609c934) Importer(815301076,1909f56bfc062723c751e8b465ee728b)
Start importing Assets/BOXOPHOBIC using Guid(01b678b0be04e1845804269a4609c934) Importer(815301076,1909f56bfc062723c751e8b465ee728b)  -> (artifact id: '9be61b200e49b8548a2fcad7868b38bc') in 0.013009 seconds
  Import took 0.017056 seconds .

========================================================================
Received Import Request.
  Time since last request: 34.568766 seconds.
  path: Assets/BOXOPHOBIC/Skybox Cubemap Extended
  artifactKey: Guid(06fe4632bd09e57468b68c174e122233) Importer(815301076,1909f56bfc062723c751e8b465ee728b)
Start importing Assets/BOXOPHOBIC/Skybox Cubemap Extended using Guid(06fe4632bd09e57468b68c174e122233) Importer(815301076,1909f56bfc062723c751e8b465ee728b)  -> (artifact id: '4ca943c38fb89f83e9767727625ab9b6') in 0.010372 seconds
  Import took 0.014446 seconds .

========================================================================
Received Import Request.
  Time since last request: 44.032023 seconds.
  path: Assets/BOXOPHOBIC/Skybox Cubemap Extended/Core
  artifactKey: Guid(18556335e32be764885bcf0a6824be6d) Importer(815301076,1909f56bfc062723c751e8b465ee728b)
Start importing Assets/BOXOPHOBIC/Skybox Cubemap Extended/Core using Guid(18556335e32be764885bcf0a6824be6d) Importer(815301076,1909f56bfc062723c751e8b465ee728b)  -> (artifact id: '5712dde82afdfa0f8bda6ee16b4e7a1c') in 0.009629 seconds
  Import took 0.014345 seconds .

========================================================================
Received Import Request.
  Time since last request: 15.733487 seconds.
  path: Assets/BOXOPHOBIC/Skybox Cubemap Extended/Core/Shaders
  artifactKey: Guid(e3f53477d64695f4abc989d59212b280) Importer(815301076,1909f56bfc062723c751e8b465ee728b)
Start importing Assets/BOXOPHOBIC/Skybox Cubemap Extended/Core/Shaders using Guid(e3f53477d64695f4abc989d59212b280) Importer(815301076,1909f56bfc062723c751e8b465ee728b)  -> (artifact id: '3cf50459d15bcfc9fb6be4944c6674da') in 0.008196 seconds
  Import took 0.013022 seconds .

========================================================================
Received Import Request.
  Time since last request: 160.424848 seconds.
  path: Assets/BOXOPHOBIC/Skybox Cubemap Extended/Core/Shaders/Skybox Cubemap Extended.shader
  artifactKey: Guid(82881a2d011b0964696411c822cdd00b) Importer(815301076,1909f56bfc062723c751e8b465ee728b)
Start importing Assets/BOXOPHOBIC/Skybox Cubemap Extended/Core/Shaders/Skybox Cubemap Extended.shader using Guid(82881a2d011b0964696411c822cdd00b) Importer(815301076,1909f56bfc062723c751e8b465ee728b)  -> (artifact id: '3fe4d7cc32431cab52f8f12f3a2007d2') in 0.030554 seconds
  Import took 0.035228 seconds .

========================================================================
Received Import Request.
  Time since last request: 0.317918 seconds.
  path: Assets/BOXOPHOBIC/Skybox Cubemap Extended/Core/Shaders/Skybox Cubemap Extended.shader
  artifactKey: Guid(82881a2d011b0964696411c822cdd00b) Importer(815301076,1909f56bfc062723c751e8b465ee728b)
Start importing Assets/BOXOPHOBIC/Skybox Cubemap Extended/Core/Shaders/Skybox Cubemap Extended.shader using Guid(82881a2d011b0964696411c822cdd00b) Importer(815301076,1909f56bfc062723c751e8b465ee728b)  -> (artifact id: '3fe4d7cc32431cab52f8f12f3a2007d2') in 0.002715 seconds
  Import took 0.006581 seconds .

========================================================================
Received Import Request.
  Time since last request: 3.389836 seconds.
  path: Assets/BOXOPHOBIC/Skybox Cubemap Extended/Skybox Cubemap Extended.pdf
  artifactKey: Guid(5cbce0d58b9d6d147bde7b2601194b85) Importer(815301076,1909f56bfc062723c751e8b465ee728b)
Start importing Assets/BOXOPHOBIC/Skybox Cubemap Extended/Skybox Cubemap Extended.pdf using Guid(5cbce0d58b9d6d147bde7b2601194b85) Importer(815301076,1909f56bfc062723c751e8b465ee728b)  -> (artifact id: '880eb5c8bbfadaa92d712ac4b4057dda') in 0.008550 seconds
  Import took 0.014085 seconds .

========================================================================
Received Import Request.
  Time since last request: 131.488007 seconds.
  path: Assets/BOXOPHOBIC/Skybox Cubemap Extended/Demo
  artifactKey: Guid(de9e928d9c90c1d43a73ded89b05d1cd) Importer(815301076,1909f56bfc062723c751e8b465ee728b)
Start importing Assets/BOXOPHOBIC/Skybox Cubemap Extended/Demo using Guid(de9e928d9c90c1d43a73ded89b05d1cd) Importer(815301076,1909f56bfc062723c751e8b465ee728b)  -> (artifact id: '5eff80f885013fa970bab258135f8c6c') in 0.009162 seconds
  Import took 0.013863 seconds .

========================================================================
Received Import Request.
  Time since last request: 2.052290 seconds.
  path: Assets/BOXOPHOBIC/Skybox Cubemap Extended/Core/Editor
  artifactKey: Guid(ddf355b9eb6a03a4dbd8990fd7311be1) Importer(815301076,1909f56bfc062723c751e8b465ee728b)
Start importing Assets/BOXOPHOBIC/Skybox Cubemap Extended/Core/Editor using Guid(ddf355b9eb6a03a4dbd8990fd7311be1) Importer(815301076,1909f56bfc062723c751e8b465ee728b)  -> (artifact id: '03aff2ab4317c489184e2a0f92f3d374') in 0.009786 seconds
  Import took 0.013677 seconds .

========================================================================
Received Import Request.
  Time since last request: 0.056684 seconds.
  path: Assets/BOXOPHOBIC/Skybox Cubemap Extended/Core/Editor/Boxophobic.SkyboxCubemapExtended.Editor.asmdef
  artifactKey: Guid(29bc400970c5066438cbde7676418b75) Importer(815301076,1909f56bfc062723c751e8b465ee728b)
Start importing Assets/BOXOPHOBIC/Skybox Cubemap Extended/Core/Editor/Boxophobic.SkyboxCubemapExtended.Editor.asmdef using Guid(29bc400970c5066438cbde7676418b75) Importer(815301076,1909f56bfc062723c751e8b465ee728b)  -> (artifact id: 'f12f200e1f5916900583a7dde38b7512') in 0.009979 seconds
  Import took 0.013600 seconds .

========================================================================
Received Import Request.
  Time since last request: 0.000294 seconds.
  path: Assets/BOXOPHOBIC/Skybox Cubemap Extended/Core/Editor/Version.asset
  artifactKey: Guid(cb530898cc05d744da0941d6160f7b92) Importer(815301076,1909f56bfc062723c751e8b465ee728b)
Start importing Assets/BOXOPHOBIC/Skybox Cubemap Extended/Core/Editor/Version.asset using Guid(cb530898cc05d744da0941d6160f7b92) Importer(815301076,1909f56bfc062723c751e8b465ee728b)  -> (artifact id: 'cb5d820adbbd88635a4ccfef32076f21') in 0.012453 seconds
  Import took 0.015936 seconds .

========================================================================
Received Import Request.
  Time since last request: 3.032240 seconds.
  path: Assets/BOXOPHOBIC/Skybox Cubemap Extended/Core/Functions
  artifactKey: Guid(7f2ce50d7f6bdaa4c9b0717b74137465) Importer(815301076,1909f56bfc062723c751e8b465ee728b)
Start importing Assets/BOXOPHOBIC/Skybox Cubemap Extended/Core/Functions using Guid(7f2ce50d7f6bdaa4c9b0717b74137465) Importer(815301076,1909f56bfc062723c751e8b465ee728b)  -> (artifact id: '1e038b3b99f60dea02e54b26c1641b12') in 0.010911 seconds
  Import took 0.015589 seconds .

========================================================================
Received Import Request.
  Time since last request: 0.001328 seconds.
  path: Assets/BOXOPHOBIC/Skybox Cubemap Extended/Core/Functions
  artifactKey: Guid(7f2ce50d7f6bdaa4c9b0717b74137465) Importer(815301076,1909f56bfc062723c751e8b465ee728b)
Start importing Assets/BOXOPHOBIC/Skybox Cubemap Extended/Core/Functions using Guid(7f2ce50d7f6bdaa4c9b0717b74137465) Importer(815301076,1909f56bfc062723c751e8b465ee728b)  -> (artifact id: '1e038b3b99f60dea02e54b26c1641b12') in 0.002558 seconds
  Import took 0.006302 seconds .

========================================================================
Received Import Request.
  Time since last request: 0.047888 seconds.
  path: Assets/BOXOPHOBIC/Skybox Cubemap Extended/Core/Functions/Compute Rotation Y.asset
  artifactKey: Guid(693b7d13a80c93a4e8b791a9cd5e5ab2) Importer(815301076,1909f56bfc062723c751e8b465ee728b)
Start importing Assets/BOXOPHOBIC/Skybox Cubemap Extended/Core/Functions/Compute Rotation Y.asset using Guid(693b7d13a80c93a4e8b791a9cd5e5ab2) Importer(815301076,1909f56bfc062723c751e8b465ee728b)  -> (artifact id: '4cba20d5b1425df2da9cfd9649f320ba') in 0.010541 seconds
  Import took 0.015059 seconds .

========================================================================
Received Import Request.
  Time since last request: 30.470518 seconds.
  path: Assets/BOXOPHOBIC/Skybox Cubemap Extended/Demo/Materials/LowPoly - FirTree.mat
  artifactKey: Guid(138b35dd321622a4d93635b532ae8b8e) Importer(815301076,1909f56bfc062723c751e8b465ee728b)
Start importing Assets/BOXOPHOBIC/Skybox Cubemap Extended/Demo/Materials/LowPoly - FirTree.mat using Guid(138b35dd321622a4d93635b532ae8b8e) Importer(815301076,1909f56bfc062723c751e8b465ee728b)  -> (artifact id: '87cc710fef74e9e3e6da40aed6f7b8bc') in 0.131534 seconds
  Import took 0.135746 seconds .

========================================================================
Received Import Request.
  Time since last request: 0.000252 seconds.
  path: Assets/BOXOPHOBIC/Skybox Cubemap Extended/Demo/Materials/LowPoly - Terrain.mat
  artifactKey: Guid(2557d3f1d341fdb4e9d53179c053ffd5) Importer(815301076,1909f56bfc062723c751e8b465ee728b)
Start importing Assets/BOXOPHOBIC/Skybox Cubemap Extended/Demo/Materials/LowPoly - Terrain.mat using Guid(2557d3f1d341fdb4e9d53179c053ffd5) Importer(815301076,1909f56bfc062723c751e8b465ee728b)  -> (artifact id: 'f5d756e370ea3032d4aee41db9da2157') in 0.017994 seconds
  Import took 0.022842 seconds .

========================================================================
Received Import Request.
  Time since last request: 0.000703 seconds.
  path: Assets/BOXOPHOBIC/Skybox Cubemap Extended/Demo/Materials/Skybox Cubemap Extended Night.mat
  artifactKey: Guid(cc421da483ed06c49933077a621bff25) Importer(815301076,1909f56bfc062723c751e8b465ee728b)
Start importing Assets/BOXOPHOBIC/Skybox Cubemap Extended/Demo/Materials/Skybox Cubemap Extended Night.mat using Guid(cc421da483ed06c49933077a621bff25) Importer(815301076,1909f56bfc062723c751e8b465ee728b)  -> (artifact id: '4346cb7e05c431750f932fe77639c41d') in 0.370771 seconds
  Import took 0.395368 seconds .

========================================================================
Received Import Request.
  Time since last request: 0.000231 seconds.
  path: Assets/BOXOPHOBIC/Skybox Cubemap Extended/Demo/Materials/LowPoly - Rock.mat
  artifactKey: Guid(37524ae4594222f4f8acd7b76234f79a) Importer(815301076,1909f56bfc062723c751e8b465ee728b)
Start importing Assets/BOXOPHOBIC/Skybox Cubemap Extended/Demo/Materials/LowPoly - Rock.mat using Guid(37524ae4594222f4f8acd7b76234f79a) Importer(815301076,1909f56bfc062723c751e8b465ee728b)  -> (artifact id: '1ae8c66587c8b72dfb33483063130f05') in 0.018699 seconds
  Import took 0.023808 seconds .

========================================================================
Received Import Request.
  Time since last request: 0.000285 seconds.
  path: Assets/BOXOPHOBIC/Skybox Cubemap Extended/Demo/Materials/LowPoly - TreeTrunk.mat
  artifactKey: Guid(2a8f9a878cb7cff45b00339938d945ce) Importer(815301076,1909f56bfc062723c751e8b465ee728b)
Start importing Assets/BOXOPHOBIC/Skybox Cubemap Extended/Demo/Materials/LowPoly - TreeTrunk.mat using Guid(2a8f9a878cb7cff45b00339938d945ce) Importer(815301076,1909f56bfc062723c751e8b465ee728b)  -> (artifact id: '8d2e6acaf0c03ce848003c794978dde7') in 0.024009 seconds
  Import took 0.028820 seconds .

========================================================================
Received Import Request.
  Time since last request: 0.000276 seconds.
  path: Assets/BOXOPHOBIC/Skybox Cubemap Extended/Demo/Materials/LowPoly - FirTree.mat
  artifactKey: Guid(138b35dd321622a4d93635b532ae8b8e) Importer(815301076,1909f56bfc062723c751e8b465ee728b)
Start importing Assets/BOXOPHOBIC/Skybox Cubemap Extended/Demo/Materials/LowPoly - FirTree.mat using Guid(138b35dd321622a4d93635b532ae8b8e) Importer(815301076,1909f56bfc062723c751e8b465ee728b)  -> (artifact id: '87cc710fef74e9e3e6da40aed6f7b8bc') in 0.014485 seconds
  Import took 0.019814 seconds .

========================================================================
Received Import Request.
  Time since last request: 0.000323 seconds.
  path: Assets/BOXOPHOBIC/Skybox Cubemap Extended/Demo/Materials/LowPoly - Grass.mat
  artifactKey: Guid(6fc6652ed834922468cdd63bb95f7fe2) Importer(815301076,1909f56bfc062723c751e8b465ee728b)
Start importing Assets/BOXOPHOBIC/Skybox Cubemap Extended/Demo/Materials/LowPoly - Grass.mat using Guid(6fc6652ed834922468cdd63bb95f7fe2) Importer(815301076,1909f56bfc062723c751e8b465ee728b)  -> (artifact id: '1c5b679f9694d01a90b6294284dd557e') in 0.015824 seconds
  Import took 0.021364 seconds .

========================================================================
Received Import Request.
  Time since last request: 0.000262 seconds.
  path: Assets/BOXOPHOBIC/Skybox Cubemap Extended/Demo/Materials/LowPoly - FirTreeVariation.mat
  artifactKey: Guid(0f74119e82d3b3a4d9b2842dbaa2a6ee) Importer(815301076,1909f56bfc062723c751e8b465ee728b)
Start importing Assets/BOXOPHOBIC/Skybox Cubemap Extended/Demo/Materials/LowPoly - FirTreeVariation.mat using Guid(0f74119e82d3b3a4d9b2842dbaa2a6ee) Importer(815301076,1909f56bfc062723c751e8b465ee728b)  -> (artifact id: '033dab1d1a6b1594b789f359e5559523') in 0.019185 seconds
  Import took 0.024734 seconds .

========================================================================
Received Import Request.
  Time since last request: 0.000256 seconds.
  path: Assets/BOXOPHOBIC/Skybox Cubemap Extended/Demo/Materials/Skybox Cubemap Extended Day.mat
  artifactKey: Guid(2bd8959f5fbd3644aa33af1a155fc147) Importer(815301076,1909f56bfc062723c751e8b465ee728b)
Start importing Assets/BOXOPHOBIC/Skybox Cubemap Extended/Demo/Materials/Skybox Cubemap Extended Day.mat using Guid(2bd8959f5fbd3644aa33af1a155fc147) Importer(815301076,1909f56bfc062723c751e8b465ee728b)  -> (artifact id: '32e9b0c77b79f4a16b53036f3ce91bb7') in 0.304120 seconds
  Import took 0.319151 seconds .

========================================================================
Received Import Request.
  Time since last request: 0.000491 seconds.
  path: Assets/BOXOPHOBIC/Skybox Cubemap Extended/Demo/Materials/LowPoly - Wood.mat
  artifactKey: Guid(ff059fc016fcf8d4a88162b27e334cba) Importer(815301076,1909f56bfc062723c751e8b465ee728b)
Start importing Assets/BOXOPHOBIC/Skybox Cubemap Extended/Demo/Materials/LowPoly - Wood.mat using Guid(ff059fc016fcf8d4a88162b27e334cba) Importer(815301076,1909f56bfc062723c751e8b465ee728b)  -> (artifact id: '24dc47ad52af52979185194d7b2c3c95') in 0.034961 seconds
  Import took 0.042834 seconds .

========================================================================
Received Import Request.
  Time since last request: 0.990920 seconds.
  path: Assets/BOXOPHOBIC/Skybox Cubemap Extended/Demo/Textures/Polyverse Skies - Night Sky.exr
  artifactKey: Guid(fa41734a337674542975482c8fe96ea1) Importer(815301076,1909f56bfc062723c751e8b465ee728b)
Start importing Assets/BOXOPHOBIC/Skybox Cubemap Extended/Demo/Textures/Polyverse Skies - Night Sky.exr using Guid(fa41734a337674542975482c8fe96ea1) Importer(815301076,1909f56bfc062723c751e8b465ee728b)  -> (artifact id: 'd546e67b948a3434ebb399225288d793') in 0.297083 seconds
  Import took 0.314688 seconds .

========================================================================
Received Import Request.
  Time since last request: 98.652689 seconds.
  path: Assets/BOXOPHOBIC/Skybox Cubemap Extended/Demo/Settings
  artifactKey: Guid(938d9248e9f0f574cb40a5bbca66dae4) Importer(815301076,1909f56bfc062723c751e8b465ee728b)
Start importing Assets/BOXOPHOBIC/Skybox Cubemap Extended/Demo/Settings using Guid(938d9248e9f0f574cb40a5bbca66dae4) Importer(815301076,1909f56bfc062723c751e8b465ee728b)  -> (artifact id: 'b1a3acf8b9ef8491017c60c0a397f269') in 0.010880 seconds
  Import took 0.016489 seconds .

========================================================================
Received Import Request.
  Time since last request: 0.052962 seconds.
  path: Assets/BOXOPHOBIC/Skybox Cubemap Extended/Demo/Settings/Demo.asset
  artifactKey: Guid(2c9ebc5b5de64494eb66e1f3eb755731) Importer(815301076,1909f56bfc062723c751e8b465ee728b)
Start importing Assets/BOXOPHOBIC/Skybox Cubemap Extended/Demo/Settings/Demo.asset using Guid(2c9ebc5b5de64494eb66e1f3eb755731) Importer(815301076,1909f56bfc062723c751e8b465ee728b)  -> (artifact id: '50839043980cd6ec5db848df6e28e34e') in 0.003985 seconds
  Import took 0.008756 seconds .

========================================================================
Received Import Request.
  Time since last request: 4.537309 seconds.
  path: Assets/BOXOPHOBIC/Skybox Cubemap Extended/Demo/Meshes
  artifactKey: Guid(25d3f6e5ef9743646a02401c50311822) Importer(815301076,1909f56bfc062723c751e8b465ee728b)
Start importing Assets/BOXOPHOBIC/Skybox Cubemap Extended/Demo/Meshes using Guid(25d3f6e5ef9743646a02401c50311822) Importer(815301076,1909f56bfc062723c751e8b465ee728b)  -> (artifact id: 'e51a48dffc5071fd5d06fccf8c8281a3') in 0.009550 seconds
  Import took 0.013937 seconds .

========================================================================
Received Import Request.
  Time since last request: 0.000981 seconds.
  path: Assets/BOXOPHOBIC/Skybox Cubemap Extended/Demo/Meshes
  artifactKey: Guid(25d3f6e5ef9743646a02401c50311822) Importer(815301076,1909f56bfc062723c751e8b465ee728b)
Start importing Assets/BOXOPHOBIC/Skybox Cubemap Extended/Demo/Meshes using Guid(25d3f6e5ef9743646a02401c50311822) Importer(815301076,1909f56bfc062723c751e8b465ee728b)  -> (artifact id: 'e51a48dffc5071fd5d06fccf8c8281a3') in 0.002790 seconds
  Import took 0.007223 seconds .

========================================================================
Received Import Request.
  Time since last request: 0.048076 seconds.
  path: Assets/BOXOPHOBIC/Skybox Cubemap Extended/Demo/Meshes/LowPoly - Fence A.FBX
  artifactKey: Guid(719d923d0fff4604dad00bd968b563b2) Importer(815301076,1909f56bfc062723c751e8b465ee728b)
Start importing Assets/BOXOPHOBIC/Skybox Cubemap Extended/Demo/Meshes/LowPoly - Fence A.FBX using Guid(719d923d0fff4604dad00bd968b563b2) Importer(815301076,1909f56bfc062723c751e8b465ee728b)  -> (artifact id: '3f381766f347376e3a285a5219a87fb1') in 0.117780 seconds
  Import took 0.121837 seconds .

========================================================================
Received Import Request.
  Time since last request: 0.000251 seconds.
  path: Assets/BOXOPHOBIC/Skybox Cubemap Extended/Demo/Meshes/LowPoly - Grass B.FBX
  artifactKey: Guid(0860e6fc68e57ae48b5ae6e854f8f6b1) Importer(815301076,1909f56bfc062723c751e8b465ee728b)
Start importing Assets/BOXOPHOBIC/Skybox Cubemap Extended/Demo/Meshes/LowPoly - Grass B.FBX using Guid(0860e6fc68e57ae48b5ae6e854f8f6b1) Importer(815301076,1909f56bfc062723c751e8b465ee728b)  -> (artifact id: '673a878fa2faaac3a07b40e76bc80496') in 0.020574 seconds
  Import took 0.024236 seconds .

========================================================================
Received Import Request.
  Time since last request: 0.000311 seconds.
  path: Assets/BOXOPHOBIC/Skybox Cubemap Extended/Demo/Meshes/LowPoly - Rock B.FBX
  artifactKey: Guid(3ecc1e70424b33546b2dc73bb30a5163) Importer(815301076,1909f56bfc062723c751e8b465ee728b)
Start importing Assets/BOXOPHOBIC/Skybox Cubemap Extended/Demo/Meshes/LowPoly - Rock B.FBX using Guid(3ecc1e70424b33546b2dc73bb30a5163) Importer(815301076,1909f56bfc062723c751e8b465ee728b)  -> (artifact id: 'e0b105caadb7bd69e2127a968951d051') in 0.018721 seconds
  Import took 0.022374 seconds .

========================================================================
Received Import Request.
  Time since last request: 0.000261 seconds.
  path: Assets/BOXOPHOBIC/Skybox Cubemap Extended/Demo/Meshes/LowPoly - Rock A.FBX
  artifactKey: Guid(26fb55e8ae34728499f6f45cd0527c73) Importer(815301076,1909f56bfc062723c751e8b465ee728b)
Start importing Assets/BOXOPHOBIC/Skybox Cubemap Extended/Demo/Meshes/LowPoly - Rock A.FBX using Guid(26fb55e8ae34728499f6f45cd0527c73) Importer(815301076,1909f56bfc062723c751e8b465ee728b)  -> (artifact id: '8b9ebdc5513278a00d0c61de3299c5e5') in 0.020792 seconds
  Import took 0.024634 seconds .

========================================================================
Received Import Request.
  Time since last request: 0.000279 seconds.
  path: Assets/BOXOPHOBIC/Skybox Cubemap Extended/Demo/Meshes/LowPoly - Grass A.FBX
  artifactKey: Guid(8af3079b5c79b6b4c825cc71e71ef97d) Importer(815301076,1909f56bfc062723c751e8b465ee728b)
Start importing Assets/BOXOPHOBIC/Skybox Cubemap Extended/Demo/Meshes/LowPoly - Grass A.FBX using Guid(8af3079b5c79b6b4c825cc71e71ef97d) Importer(815301076,1909f56bfc062723c751e8b465ee728b)  -> (artifact id: '17ce5e00793f9870564d951c8b5b60dc') in 0.020314 seconds
  Import took 0.024041 seconds .

========================================================================
Received Import Request.
  Time since last request: 0.000248 seconds.
  path: Assets/BOXOPHOBIC/Skybox Cubemap Extended/Demo/Meshes/LowPoly - FirTree B.FBX
  artifactKey: Guid(769d335a9d1fc3948bfb71adea34202c) Importer(815301076,1909f56bfc062723c751e8b465ee728b)
Start importing Assets/BOXOPHOBIC/Skybox Cubemap Extended/Demo/Meshes/LowPoly - FirTree B.FBX using Guid(769d335a9d1fc3948bfb71adea34202c) Importer(815301076,1909f56bfc062723c751e8b465ee728b)  -> (artifact id: '7d4419291a41599b02cc4349cbfb3007') in 0.022413 seconds
  Import took 0.026608 seconds .

========================================================================
Received Import Request.
  Time since last request: 0.000265 seconds.
  path: Assets/BOXOPHOBIC/Skybox Cubemap Extended/Demo/Meshes/LowPoly - Fence B.FBX
  artifactKey: Guid(6c41d268699e27248a4354335b2a76ee) Importer(815301076,1909f56bfc062723c751e8b465ee728b)
Start importing Assets/BOXOPHOBIC/Skybox Cubemap Extended/Demo/Meshes/LowPoly - Fence B.FBX using Guid(6c41d268699e27248a4354335b2a76ee) Importer(815301076,1909f56bfc062723c751e8b465ee728b)  -> (artifact id: '3d6a21e692e2a1d205cf47e54e079728') in 0.018605 seconds
  Import took 0.022169 seconds .

========================================================================
Received Import Request.
  Time since last request: 0.000238 seconds.
  path: Assets/BOXOPHOBIC/Skybox Cubemap Extended/Demo/Meshes/LowPoly - Terrain.FBX
  artifactKey: Guid(f3dd2dace832efa4fa391170674edcc1) Importer(815301076,1909f56bfc062723c751e8b465ee728b)
Start importing Assets/BOXOPHOBIC/Skybox Cubemap Extended/Demo/Meshes/LowPoly - Terrain.FBX using Guid(f3dd2dace832efa4fa391170674edcc1) Importer(815301076,1909f56bfc062723c751e8b465ee728b)  -> (artifact id: 'c5dbc1327147f74cf61073bddcce1787') in 0.023516 seconds
  Import took 0.027527 seconds .

========================================================================
Received Import Request.
  Time since last request: 0.000267 seconds.
  path: Assets/BOXOPHOBIC/Skybox Cubemap Extended/Demo/Meshes/LowPoly - FirTree A.FBX
  artifactKey: Guid(7f9b57a02a16e55429c68854f45a8801) Importer(815301076,1909f56bfc062723c751e8b465ee728b)
Start importing Assets/BOXOPHOBIC/Skybox Cubemap Extended/Demo/Meshes/LowPoly - FirTree A.FBX using Guid(7f9b57a02a16e55429c68854f45a8801) Importer(815301076,1909f56bfc062723c751e8b465ee728b)  -> (artifact id: '219b0b9a2388809303054ca88cf6f6d5') in 0.020883 seconds
  Import took 0.024679 seconds .

========================================================================
Received Prepare
Registering precompiled user dll's ...
Registered in 0.004794 seconds.
Begin MonoManager ReloadAssembly
Native extension for WindowsStandalone target not found
Native extension for WebGL target not found
Refreshing native plugins compatible for Editor in 0.86 ms, found 0 plugins.
Preloading 0 native plugins for Editor in 0.00 ms.
Mono: successfully reloaded assembly
- Completed reload, in  1.287 seconds
Platform modules already initialized, skipping
Refreshing native plugins compatible for Editor in 0.84 ms, found 0 plugins.
Preloading 0 native plugins for Editor in 0.00 ms.
Unloading 1837 Unused Serialized files (Serialized files now loaded: 0)
System memory in use before: 81.4 MB.
System memory in use after: 81.5 MB.

Unloading 38 unused Assets to reduce memory usage. Loaded Objects now: 2310.
Total: 5.752400 ms (FindLiveObjects: 0.201200 ms CreateObjectMapping: 0.076600 ms MarkObjects: 5.440500 ms  DeleteObjects: 0.032600 ms)

========================================================================
Received Import Request.
  Time since last request: 189.695207 seconds.
  path: Assets/BOXOPHOBIC/Skybox Cubemap Extended/Demo/Prefabs
  artifactKey: Guid(2dcb8d72d2d50bf4897662c7aa8cfa01) Importer(815301076,1909f56bfc062723c751e8b465ee728b)
Start importing Assets/BOXOPHOBIC/Skybox Cubemap Extended/Demo/Prefabs using Guid(2dcb8d72d2d50bf4897662c7aa8cfa01) Importer(815301076,1909f56bfc062723c751e8b465ee728b)  -> (artifact id: '9031ad3f816c5ecc176d107f7252ae29') in 0.011977 seconds
  Import took 0.015994 seconds .

========================================================================
Received Import Request.
  Time since last request: 0.039980 seconds.
  path: Assets/BOXOPHOBIC/Skybox Cubemap Extended/Demo/Prefabs/LowPoly - Fence A.prefab
  artifactKey: Guid(dd3ee0c97aab8a7498c9292f3482f60b) Importer(815301076,1909f56bfc062723c751e8b465ee728b)
Start importing Assets/BOXOPHOBIC/Skybox Cubemap Extended/Demo/Prefabs/LowPoly - Fence A.prefab using Guid(dd3ee0c97aab8a7498c9292f3482f60b) Importer(815301076,1909f56bfc062723c751e8b465ee728b)  -> (artifact id: '207eb43db1fa4d43ed0e9e9af430e753') in 0.068917 seconds
  Import took 0.072875 seconds .

========================================================================
Received Import Request.
  Time since last request: 0.000269 seconds.
  path: Assets/BOXOPHOBIC/Skybox Cubemap Extended/Demo/Prefabs/LowPoly - Grass A.prefab
  artifactKey: Guid(9b6eba5dea9e77a4abd8f45df1ffffb6) Importer(815301076,1909f56bfc062723c751e8b465ee728b)
Start importing Assets/BOXOPHOBIC/Skybox Cubemap Extended/Demo/Prefabs/LowPoly - Grass A.prefab using Guid(9b6eba5dea9e77a4abd8f45df1ffffb6) Importer(815301076,1909f56bfc062723c751e8b465ee728b)  -> (artifact id: 'ba2571aa651e678749e3b1fd39c969f9') in 0.013387 seconds
  Import took 0.017076 seconds .

========================================================================
Received Import Request.
  Time since last request: 0.000234 seconds.
  path: Assets/BOXOPHOBIC/Skybox Cubemap Extended/Demo/Prefabs/LowPoly - FirTree B.prefab
  artifactKey: Guid(d2cd02263a1e8084abf81f1324b929be) Importer(815301076,1909f56bfc062723c751e8b465ee728b)
Start importing Assets/BOXOPHOBIC/Skybox Cubemap Extended/Demo/Prefabs/LowPoly - FirTree B.prefab using Guid(d2cd02263a1e8084abf81f1324b929be) Importer(815301076,1909f56bfc062723c751e8b465ee728b)  -> (artifact id: 'df0fdd017d3940d49ce0d6330c87e07b') in 0.014755 seconds
  Import took 0.018860 seconds .

========================================================================
Received Import Request.
  Time since last request: 0.000280 seconds.
  path: Assets/BOXOPHOBIC/Skybox Cubemap Extended/Demo/Prefabs/LowPoly - FirTree A.prefab
  artifactKey: Guid(6b444276162548b4e9107350b71e775a) Importer(815301076,1909f56bfc062723c751e8b465ee728b)
Start importing Assets/BOXOPHOBIC/Skybox Cubemap Extended/Demo/Prefabs/LowPoly - FirTree A.prefab using Guid(6b444276162548b4e9107350b71e775a) Importer(815301076,1909f56bfc062723c751e8b465ee728b)  -> (artifact id: '83eb6936ca7be6d9dcf547444ba9b2b0') in 0.016375 seconds
  Import took 0.020693 seconds .

========================================================================
Received Import Request.
  Time since last request: 0.001559 seconds.
  path: Assets/BOXOPHOBIC/Skybox Cubemap Extended/Demo/Prefabs/LowPoly - Rock A.prefab
  artifactKey: Guid(39de80c7e7a1a2942820576875608e5d) Importer(815301076,1909f56bfc062723c751e8b465ee728b)
Start importing Assets/BOXOPHOBIC/Skybox Cubemap Extended/Demo/Prefabs/LowPoly - Rock A.prefab using Guid(39de80c7e7a1a2942820576875608e5d) Importer(815301076,1909f56bfc062723c751e8b465ee728b)  -> (artifact id: '336cc3aa006e4d1f0a797d08c3492c73') in 0.014430 seconds
  Import took 0.019479 seconds .

========================================================================
Received Import Request.
  Time since last request: 0.000313 seconds.
  path: Assets/BOXOPHOBIC/Skybox Cubemap Extended/Demo/Prefabs/LowPoly - Rock B.prefab
  artifactKey: Guid(b0622c7c0ff092b46a37f31c718c5eba) Importer(815301076,1909f56bfc062723c751e8b465ee728b)
Start importing Assets/BOXOPHOBIC/Skybox Cubemap Extended/Demo/Prefabs/LowPoly - Rock B.prefab using Guid(b0622c7c0ff092b46a37f31c718c5eba) Importer(815301076,1909f56bfc062723c751e8b465ee728b)  -> (artifact id: '1b2ce458fb8f235653c130f7f2e45e8a') in 0.015332 seconds
  Import took 0.019180 seconds .

========================================================================
Received Import Request.
  Time since last request: 0.000252 seconds.
  path: Assets/BOXOPHOBIC/Skybox Cubemap Extended/Demo/Prefabs/LowPoly - Fence B.prefab
  artifactKey: Guid(b4974e3ae06d3d245a8353b888faed9d) Importer(815301076,1909f56bfc062723c751e8b465ee728b)
Start importing Assets/BOXOPHOBIC/Skybox Cubemap Extended/Demo/Prefabs/LowPoly - Fence B.prefab using Guid(b4974e3ae06d3d245a8353b888faed9d) Importer(815301076,1909f56bfc062723c751e8b465ee728b)  -> (artifact id: 'c620d7909446ec8bbf7ce402bf587821') in 0.014195 seconds
  Import took 0.018039 seconds .

========================================================================
Received Import Request.
  Time since last request: 0.000234 seconds.
  path: Assets/BOXOPHOBIC/Skybox Cubemap Extended/Demo/Prefabs/LowPoly - Grass B.prefab
  artifactKey: Guid(c23a5db78ca1a5b4f921e0109f33128c) Importer(815301076,1909f56bfc062723c751e8b465ee728b)
Start importing Assets/BOXOPHOBIC/Skybox Cubemap Extended/Demo/Prefabs/LowPoly - Grass B.prefab using Guid(c23a5db78ca1a5b4f921e0109f33128c) Importer(815301076,1909f56bfc062723c751e8b465ee728b)  -> (artifact id: 'ed4329fa02c9bade5f7924b0c84b155e') in 0.015505 seconds
  Import took 0.019269 seconds .

========================================================================
Received Import Request.
  Time since last request: 2.499112 seconds.
  path: Assets/BOXOPHOBIC/Skybox Cubemap Extended/Demo/Materials
  artifactKey: Guid(f5f2b39f73ab79f42a2dd2ccadae1581) Importer(815301076,1909f56bfc062723c751e8b465ee728b)
Start importing Assets/BOXOPHOBIC/Skybox Cubemap Extended/Demo/Materials using Guid(f5f2b39f73ab79f42a2dd2ccadae1581) Importer(815301076,1909f56bfc062723c751e8b465ee728b)  -> (artifact id: '65375d6123db0f711084d9f84f7dc92c') in 0.010207 seconds
  Import took 0.014939 seconds .

========================================================================
Received Import Request.
  Time since last request: 0.001170 seconds.
  path: Assets/BOXOPHOBIC/Skybox Cubemap Extended/Demo/Materials
  artifactKey: Guid(f5f2b39f73ab79f42a2dd2ccadae1581) Importer(815301076,1909f56bfc062723c751e8b465ee728b)
Start importing Assets/BOXOPHOBIC/Skybox Cubemap Extended/Demo/Materials using Guid(f5f2b39f73ab79f42a2dd2ccadae1581) Importer(815301076,1909f56bfc062723c751e8b465ee728b)  -> (artifact id: '65375d6123db0f711084d9f84f7dc92c') in 0.004485 seconds
  Import took 0.009043 seconds .

========================================================================
Received Import Request.
  Time since last request: 15.541361 seconds.
  path: Assets/BOXOPHOBIC/User
  artifactKey: Guid(f0aa5379d96b0e14795df45a380643fb) Importer(815301076,1909f56bfc062723c751e8b465ee728b)
Start importing Assets/BOXOPHOBIC/User using Guid(f0aa5379d96b0e14795df45a380643fb) Importer(815301076,1909f56bfc062723c751e8b465ee728b)  -> (artifact id: 'cf92eb94418d81c85fb1f559e6513c38') in 0.010208 seconds
  Import took 0.014410 seconds .

========================================================================
Received Import Request.
  Time since last request: 0.001617 seconds.
  path: Assets/BOXOPHOBIC/User
  artifactKey: Guid(f0aa5379d96b0e14795df45a380643fb) Importer(815301076,1909f56bfc062723c751e8b465ee728b)
Start importing Assets/BOXOPHOBIC/User using Guid(f0aa5379d96b0e14795df45a380643fb) Importer(815301076,1909f56bfc062723c751e8b465ee728b)  -> (artifact id: 'cf92eb94418d81c85fb1f559e6513c38') in 0.002400 seconds
  Import took 0.007125 seconds .

========================================================================
Received Import Request.
  Time since last request: 1.411059 seconds.
  path: Assets/BOXOPHOBIC/Utils
  artifactKey: Guid(a85b6dec3188bd14194e16aa24e9fd0a) Importer(815301076,1909f56bfc062723c751e8b465ee728b)
Start importing Assets/BOXOPHOBIC/Utils using Guid(a85b6dec3188bd14194e16aa24e9fd0a) Importer(815301076,1909f56bfc062723c751e8b465ee728b)  -> (artifact id: '8f04d1a33b247e5808a2bb152ffa5f4b') in 0.010720 seconds
  Import took 0.014821 seconds .

========================================================================
Received Import Request.
  Time since last request: 0.001074 seconds.
  path: Assets/BOXOPHOBIC/Utils
  artifactKey: Guid(a85b6dec3188bd14194e16aa24e9fd0a) Importer(815301076,1909f56bfc062723c751e8b465ee728b)
Start importing Assets/BOXOPHOBIC/Utils using Guid(a85b6dec3188bd14194e16aa24e9fd0a) Importer(815301076,1909f56bfc062723c751e8b465ee728b)  -> (artifact id: '8f04d1a33b247e5808a2bb152ffa5f4b') in 0.003835 seconds
  Import took 0.007942 seconds .

========================================================================
Received Import Request.
  Time since last request: 1.607419 seconds.
  path: Assets/BOXOPHOBIC/Utils/Editor
  artifactKey: Guid(1ef1e41b6d86c1b45ac76cb263c1447a) Importer(815301076,1909f56bfc062723c751e8b465ee728b)
Start importing Assets/BOXOPHOBIC/Utils/Editor using Guid(1ef1e41b6d86c1b45ac76cb263c1447a) Importer(815301076,1909f56bfc062723c751e8b465ee728b)  -> (artifact id: 'e3f0947008d1c5a9d51eeb43f2645b1f') in 0.003193 seconds
  Import took 0.008312 seconds .

========================================================================
Received Import Request.
  Time since last request: 0.044328 seconds.
  path: Assets/BOXOPHOBIC/Utils/Editor/Boxophobic.Utils.Editor.asmdef
  artifactKey: Guid(10f1dd4cfd6afb54da274d7d818bd8f6) Importer(815301076,1909f56bfc062723c751e8b465ee728b)
Start importing Assets/BOXOPHOBIC/Utils/Editor/Boxophobic.Utils.Editor.asmdef using Guid(10f1dd4cfd6afb54da274d7d818bd8f6) Importer(815301076,1909f56bfc062723c751e8b465ee728b)  -> (artifact id: '177241dc3282eb2c0f250ff9515c2598') in 0.009027 seconds
  Import took 0.012771 seconds .

========================================================================
Received Import Request.
  Time since last request: 0.000268 seconds.
  path: Assets/BOXOPHOBIC/Utils/Editor/Version.asset
  artifactKey: Guid(a15c57a0379e088458f4b54715babf2b) Importer(815301076,1909f56bfc062723c751e8b465ee728b)
Start importing Assets/BOXOPHOBIC/Utils/Editor/Version.asset using Guid(a15c57a0379e088458f4b54715babf2b) Importer(815301076,1909f56bfc062723c751e8b465ee728b)  -> (artifact id: 'd57b3a89a002a5c071b9249743509b4c') in 0.003986 seconds
  Import took 0.007831 seconds .

========================================================================
Received Import Request.
  Time since last request: 4.500387 seconds.
  path: Assets/BOXOPHOBIC/Utils/Resources
  artifactKey: Guid(90bc80fda3a54e2439aef2dae0c8a14e) Importer(815301076,1909f56bfc062723c751e8b465ee728b)
Start importing Assets/BOXOPHOBIC/Utils/Resources using Guid(90bc80fda3a54e2439aef2dae0c8a14e) Importer(815301076,1909f56bfc062723c751e8b465ee728b)  -> (artifact id: '27b8d4137b6ea7f3a25b22425c015028') in 0.009099 seconds
  Import took 0.014535 seconds .

========================================================================
Received Import Request.
  Time since last request: 0.040833 seconds.
  path: Assets/BOXOPHOBIC/Utils/Resources/Boxophobic - BannerBegin.psd
  artifactKey: Guid(9515108b8376ad7418e8138858201b72) Importer(815301076,1909f56bfc062723c751e8b465ee728b)
Start importing Assets/BOXOPHOBIC/Utils/Resources/Boxophobic - BannerBegin.psd using Guid(9515108b8376ad7418e8138858201b72) Importer(815301076,1909f56bfc062723c751e8b465ee728b)  -> (artifact id: 'c4b744f76c28d4ee89efcb018bb2a0a1') in 0.021908 seconds
  Import took 0.026924 seconds .

========================================================================
Received Import Request.
  Time since last request: 0.000345 seconds.
  path: Assets/BOXOPHOBIC/Utils/Resources/Boxophobic - BannerMiddle.psd
  artifactKey: Guid(e3767adfa5dac5544830cd097ef6c09f) Importer(815301076,1909f56bfc062723c751e8b465ee728b)
Start importing Assets/BOXOPHOBIC/Utils/Resources/Boxophobic - BannerMiddle.psd using Guid(e3767adfa5dac5544830cd097ef6c09f) Importer(815301076,1909f56bfc062723c751e8b465ee728b)  -> (artifact id: 'e52ab0b5714b4ae197ef153ccbceba6b') in 0.011361 seconds
  Import took 0.016997 seconds .

========================================================================
Received Import Request.
  Time since last request: 0.000351 seconds.
  path: Assets/BOXOPHOBIC/Utils/Resources/Boxophobic - IconHelp.psd
  artifactKey: Guid(b676a215be26cba488e51c0dda84e72d) Importer(815301076,1909f56bfc062723c751e8b465ee728b)
Start importing Assets/BOXOPHOBIC/Utils/Resources/Boxophobic - IconHelp.psd using Guid(b676a215be26cba488e51c0dda84e72d) Importer(815301076,1909f56bfc062723c751e8b465ee728b)  -> (artifact id: '66a0b17c4c9f8ac36fcef50dd4969a73') in 0.011604 seconds
  Import took 0.016807 seconds .

========================================================================
Received Import Request.
  Time since last request: 0.000307 seconds.
  path: Assets/BOXOPHOBIC/Utils/Resources/Boxophobic - CategoryBegin.psd
  artifactKey: Guid(97ec2262fb592f94a9569e156ea65d7b) Importer(815301076,1909f56bfc062723c751e8b465ee728b)
Start importing Assets/BOXOPHOBIC/Utils/Resources/Boxophobic - CategoryBegin.psd using Guid(97ec2262fb592f94a9569e156ea65d7b) Importer(815301076,1909f56bfc062723c751e8b465ee728b)  -> (artifact id: '4352354ce8b56b10deb00e41ca7ae2e6') in 0.012723 seconds
  Import took 0.016889 seconds .

========================================================================
Received Import Request.
  Time since last request: 0.000289 seconds.
  path: Assets/BOXOPHOBIC/Utils/Resources/Boxophobic - BannerEnd.psd
  artifactKey: Guid(0dd3fbd5475976a4aa96298afc680d17) Importer(815301076,1909f56bfc062723c751e8b465ee728b)
Start importing Assets/BOXOPHOBIC/Utils/Resources/Boxophobic - BannerEnd.psd using Guid(0dd3fbd5475976a4aa96298afc680d17) Importer(815301076,1909f56bfc062723c751e8b465ee728b)  -> (artifact id: '18a0e849c37140aabce87481f448714c') in 0.011759 seconds
  Import took 0.015591 seconds .

========================================================================
Received Import Request.
  Time since last request: 0.000281 seconds.
  path: Assets/BOXOPHOBIC/Utils/Resources/Boxophobic - Logo.png
  artifactKey: Guid(4ebb9926546381046a4271ece54ce919) Importer(815301076,1909f56bfc062723c751e8b465ee728b)
Start importing Assets/BOXOPHOBIC/Utils/Resources/Boxophobic - Logo.png using Guid(4ebb9926546381046a4271ece54ce919) Importer(815301076,1909f56bfc062723c751e8b465ee728b)  -> (artifact id: '85cf219ae2b13556a1f3a596b4f5594e') in 0.019148 seconds
  Import took 0.022790 seconds .

========================================================================
Received Import Request.
  Time since last request: 0.000275 seconds.
  path: Assets/BOXOPHOBIC/Utils/Resources/Boxophobic - CategoryEnd.psd
  artifactKey: Guid(e1c856352cf5b9b479ddb80c85c84cd5) Importer(815301076,1909f56bfc062723c751e8b465ee728b)
Start importing Assets/BOXOPHOBIC/Utils/Resources/Boxophobic - CategoryEnd.psd using Guid(e1c856352cf5b9b479ddb80c85c84cd5) Importer(815301076,1909f56bfc062723c751e8b465ee728b)  -> (artifact id: 'cd54cbab2bdc790b70710061c90cce09') in 0.012856 seconds
  Import took 0.017035 seconds .

========================================================================
Received Import Request.
  Time since last request: 0.000278 seconds.
  path: Assets/BOXOPHOBIC/Utils/Resources/Boxophobic - IconEdit.psd
  artifactKey: Guid(cf593cb3310b7784a8f0967b8ba89b02) Importer(815301076,1909f56bfc062723c751e8b465ee728b)
Start importing Assets/BOXOPHOBIC/Utils/Resources/Boxophobic - IconEdit.psd using Guid(cf593cb3310b7784a8f0967b8ba89b02) Importer(815301076,1909f56bfc062723c751e8b465ee728b)  -> (artifact id: 'fcd9aa48242224c8670c11d35e203cf2') in 0.015735 seconds
  Import took 0.020876 seconds .

========================================================================
Received Import Request.
  Time since last request: 0.000300 seconds.
  path: Assets/BOXOPHOBIC/Utils/Resources/Boxophobic - CategoryMiddle.psd
  artifactKey: Guid(106fc33e3a3dab34f89693e3ed333fa2) Importer(815301076,1909f56bfc062723c751e8b465ee728b)
Start importing Assets/BOXOPHOBIC/Utils/Resources/Boxophobic - CategoryMiddle.psd using Guid(106fc33e3a3dab34f89693e3ed333fa2) Importer(815301076,1909f56bfc062723c751e8b465ee728b)  -> (artifact id: 'e699d13a35951180a6aa89b9d571f6fd') in 0.013213 seconds
  Import took 0.019151 seconds .

========================================================================
Received Import Request.
  Time since last request: 0.000311 seconds.
  path: Assets/BOXOPHOBIC/Utils/Resources/Boxophobic - IconEdit.psd
  artifactKey: Guid(cf593cb3310b7784a8f0967b8ba89b02) Importer(815301076,1909f56bfc062723c751e8b465ee728b)
Start importing Assets/BOXOPHOBIC/Utils/Resources/Boxophobic - IconEdit.psd using Guid(cf593cb3310b7784a8f0967b8ba89b02) Importer(815301076,1909f56bfc062723c751e8b465ee728b)  -> (artifact id: 'fcd9aa48242224c8670c11d35e203cf2') in 0.006628 seconds
  Import took 0.010656 seconds .

========================================================================
Received Import Request.
  Time since last request: 1.240184 seconds.
  path: Assets/BOXOPHOBIC/Utils/Scripts
  artifactKey: Guid(9ec3a38b6858ee54685444ad9afdd646) Importer(815301076,1909f56bfc062723c751e8b465ee728b)
Start importing Assets/BOXOPHOBIC/Utils/Scripts using Guid(9ec3a38b6858ee54685444ad9afdd646) Importer(815301076,1909f56bfc062723c751e8b465ee728b)  -> (artifact id: 'a640e3fb940a65fc6c53768bc1e96b47') in 0.008447 seconds
  Import took 0.012382 seconds .

========================================================================
Received Import Request.
  Time since last request: 0.002142 seconds.
  path: Assets/BOXOPHOBIC/Utils/Scripts
  artifactKey: Guid(9ec3a38b6858ee54685444ad9afdd646) Importer(815301076,1909f56bfc062723c751e8b465ee728b)
Start importing Assets/BOXOPHOBIC/Utils/Scripts using Guid(9ec3a38b6858ee54685444ad9afdd646) Importer(815301076,1909f56bfc062723c751e8b465ee728b)  -> (artifact id: 'a640e3fb940a65fc6c53768bc1e96b47') in 0.002733 seconds
  Import took 0.006644 seconds .

========================================================================
Received Import Request.
  Time since last request: 0.050385 seconds.
  path: Assets/BOXOPHOBIC/Utils/Scripts/Boxophobic.Utils.Scripts.asmdef
  artifactKey: Guid(825ad574da7360d4e8aea558f272972e) Importer(815301076,1909f56bfc062723c751e8b465ee728b)
Start importing Assets/BOXOPHOBIC/Utils/Scripts/Boxophobic.Utils.Scripts.asmdef using Guid(825ad574da7360d4e8aea558f272972e) Importer(815301076,1909f56bfc062723c751e8b465ee728b)  -> (artifact id: '3dc799fb6973a3f4e683fd5d8fd1900a') in 0.007965 seconds
  Import took 0.012052 seconds .

========================================================================
Received Import Request.
  Time since last request: 218.389738 seconds.
  path: Assets/BOXOPHOBIC/Utils/Editor/StyledMaterial
  artifactKey: Guid(9620c57a884632041b9c61552e22bde8) Importer(815301076,1909f56bfc062723c751e8b465ee728b)
Start importing Assets/BOXOPHOBIC/Utils/Editor/StyledMaterial using Guid(9620c57a884632041b9c61552e22bde8) Importer(815301076,1909f56bfc062723c751e8b465ee728b)  -> (artifact id: '7b2acae60b4ba1b045f9d7f1e8434294') in 0.011904 seconds
  Import took 0.016045 seconds .

========================================================================
Received Import Request.
  Time since last request: 0.000621 seconds.
  path: Assets/BOXOPHOBIC/Utils/Editor/StyledMaterial
  artifactKey: Guid(9620c57a884632041b9c61552e22bde8) Importer(815301076,1909f56bfc062723c751e8b465ee728b)
Start importing Assets/BOXOPHOBIC/Utils/Editor/StyledMaterial using Guid(9620c57a884632041b9c61552e22bde8) Importer(815301076,1909f56bfc062723c751e8b465ee728b)  -> (artifact id: '7b2acae60b4ba1b045f9d7f1e8434294') in 0.003598 seconds
  Import took 0.008143 seconds .

========================================================================
Received Import Request.
  Time since last request: 8.544039 seconds.
  path: Assets/BOXOPHOBIC/Utils/Scripts/StyledMono
  artifactKey: Guid(a0598abf7cc734c43bd4152541cfe629) Importer(815301076,1909f56bfc062723c751e8b465ee728b)
Start importing Assets/BOXOPHOBIC/Utils/Scripts/StyledMono using Guid(a0598abf7cc734c43bd4152541cfe629) Importer(815301076,1909f56bfc062723c751e8b465ee728b)  -> (artifact id: '00d96e975432bc07714ece5c902958a4') in 0.008802 seconds
  Import took 0.013551 seconds .

========================================================================
Received Import Request.
  Time since last request: 0.001332 seconds.
  path: Assets/BOXOPHOBIC/Utils/Scripts/StyledMono
  artifactKey: Guid(a0598abf7cc734c43bd4152541cfe629) Importer(815301076,1909f56bfc062723c751e8b465ee728b)
Start importing Assets/BOXOPHOBIC/Utils/Scripts/StyledMono using Guid(a0598abf7cc734c43bd4152541cfe629) Importer(815301076,1909f56bfc062723c751e8b465ee728b)  -> (artifact id: '00d96e975432bc07714ece5c902958a4') in 0.004121 seconds
  Import took 0.008120 seconds .

========================================================================
Received Import Request.
  Time since last request: 1.342572 seconds.
  path: Assets/BOXOPHOBIC/Utils/Scripts/StyledInspector
  artifactKey: Guid(c98c86f6ff75e844ba0337eb9ffdab3f) Importer(815301076,1909f56bfc062723c751e8b465ee728b)
Start importing Assets/BOXOPHOBIC/Utils/Scripts/StyledInspector using Guid(c98c86f6ff75e844ba0337eb9ffdab3f) Importer(815301076,1909f56bfc062723c751e8b465ee728b)  -> (artifact id: '10597c271a28f0ab856efad11fb62c12') in 0.009969 seconds
  Import took 0.014012 seconds .

========================================================================
Received Import Request.
  Time since last request: 0.001190 seconds.
  path: Assets/BOXOPHOBIC/Utils/Scripts/StyledInspector
  artifactKey: Guid(c98c86f6ff75e844ba0337eb9ffdab3f) Importer(815301076,1909f56bfc062723c751e8b465ee728b)
Start importing Assets/BOXOPHOBIC/Utils/Scripts/StyledInspector using Guid(c98c86f6ff75e844ba0337eb9ffdab3f) Importer(815301076,1909f56bfc062723c751e8b465ee728b)  -> (artifact id: '10597c271a28f0ab856efad11fb62c12') in 0.003699 seconds
  Import took 0.007702 seconds .

========================================================================
Received Import Request.
  Time since last request: 1.336124 seconds.
  path: Assets/BOXOPHOBIC/Utils/Scripts/SettingsUtils
  artifactKey: Guid(af52389680e6ba548bc23bad710c1613) Importer(815301076,1909f56bfc062723c751e8b465ee728b)
Start importing Assets/BOXOPHOBIC/Utils/Scripts/SettingsUtils using Guid(af52389680e6ba548bc23bad710c1613) Importer(815301076,1909f56bfc062723c751e8b465ee728b)  -> (artifact id: '4bcc9d9ef8e509a200e94801ca8bce73') in 0.008865 seconds
  Import took 0.013671 seconds .

========================================================================
Received Import Request.
  Time since last request: 8.239172 seconds.
  path: Assets/BOXOPHOBIC/Utils/Editor/SettingsUtils
  artifactKey: Guid(38851c0055860034180f030b34a3d452) Importer(815301076,1909f56bfc062723c751e8b465ee728b)
Start importing Assets/BOXOPHOBIC/Utils/Editor/SettingsUtils using Guid(38851c0055860034180f030b34a3d452) Importer(815301076,1909f56bfc062723c751e8b465ee728b)  -> (artifact id: '3ff4c54e2667bf596ff043c6bed6047b') in 0.003285 seconds
  Import took 0.008088 seconds .

========================================================================
Received Prepare
Registering precompiled user dll's ...
Registered in 0.006715 seconds.
Begin MonoManager ReloadAssembly
Native extension for WindowsStandalone target not found
Native extension for WebGL target not found
Refreshing native plugins compatible for Editor in 0.85 ms, found 0 plugins.
Preloading 0 native plugins for Editor in 0.00 ms.
Mono: successfully reloaded assembly
- Completed reload, in  1.596 seconds
Platform modules already initialized, skipping
Refreshing native plugins compatible for Editor in 0.91 ms, found 0 plugins.
Preloading 0 native plugins for Editor in 0.00 ms.
Unloading 1837 Unused Serialized files (Serialized files now loaded: 0)
System memory in use before: 81.7 MB.
System memory in use after: 81.8 MB.

Unloading 37 unused Assets to reduce memory usage. Loaded Objects now: 2321.
Total: 6.477700 ms (FindLiveObjects: 0.226800 ms CreateObjectMapping: 0.093800 ms MarkObjects: 6.124200 ms  DeleteObjects: 0.031400 ms)

========================================================================
Received Prepare
Registering precompiled user dll's ...
Registered in 0.006958 seconds.
Begin MonoManager ReloadAssembly
Native extension for WindowsStandalone target not found
Native extension for WebGL target not found
Refreshing native plugins compatible for Editor in 1.23 ms, found 0 plugins.
Preloading 0 native plugins for Editor in 0.00 ms.
Mono: successfully reloaded assembly
- Completed reload, in  1.757 seconds
Platform modules already initialized, skipping
Refreshing native plugins compatible for Editor in 0.83 ms, found 0 plugins.
Preloading 0 native plugins for Editor in 0.00 ms.
Unloading 1837 Unused Serialized files (Serialized files now loaded: 0)
System memory in use before: 81.7 MB.
System memory in use after: 81.8 MB.

Unloading 37 unused Assets to reduce memory usage. Loaded Objects now: 2324.
Total: 6.220500 ms (FindLiveObjects: 0.219300 ms CreateObjectMapping: 0.083100 ms MarkObjects: 5.878100 ms  DeleteObjects: 0.038100 ms)

========================================================================
Received Prepare
Registering precompiled user dll's ...
Registered in 0.004600 seconds.
Begin MonoManager ReloadAssembly
Native extension for WindowsStandalone target not found
Native extension for WebGL target not found
Refreshing native plugins compatible for Editor in 0.75 ms, found 0 plugins.
Preloading 0 native plugins for Editor in 0.00 ms.
Mono: successfully reloaded assembly
- Completed reload, in  1.183 seconds
Platform modules already initialized, skipping
Refreshing native plugins compatible for Editor in 0.74 ms, found 0 plugins.
Preloading 0 native plugins for Editor in 0.00 ms.
Unloading 1837 Unused Serialized files (Serialized files now loaded: 0)
System memory in use before: 81.7 MB.
System memory in use after: 81.8 MB.

Unloading 37 unused Assets to reduce memory usage. Loaded Objects now: 2327.
Total: 5.650300 ms (FindLiveObjects: 0.202500 ms CreateObjectMapping: 0.075600 ms MarkObjects: 5.329600 ms  DeleteObjects: 0.040900 ms)

========================================================================
Received Prepare
Registering precompiled user dll's ...
Registered in 0.004973 seconds.
Begin MonoManager ReloadAssembly
Native extension for WindowsStandalone target not found
Native extension for WebGL target not found
Refreshing native plugins compatible for Editor in 0.85 ms, found 0 plugins.
Preloading 0 native plugins for Editor in 0.00 ms.
Mono: successfully reloaded assembly
- Completed reload, in  1.209 seconds
Platform modules already initialized, skipping
Refreshing native plugins compatible for Editor in 0.78 ms, found 0 plugins.
Preloading 0 native plugins for Editor in 0.00 ms.
Unloading 1837 Unused Serialized files (Serialized files now loaded: 0)
System memory in use before: 81.7 MB.
System memory in use after: 81.8 MB.

Unloading 37 unused Assets to reduce memory usage. Loaded Objects now: 2330.
Total: 5.955800 ms (FindLiveObjects: 0.218000 ms CreateObjectMapping: 0.073900 ms MarkObjects: 5.633200 ms  DeleteObjects: 0.028900 ms)

========================================================================
Received Prepare
Registering precompiled user dll's ...
Registered in 0.004900 seconds.
Begin MonoManager ReloadAssembly
Native extension for WindowsStandalone target not found
Native extension for WebGL target not found
Refreshing native plugins compatible for Editor in 0.74 ms, found 0 plugins.
Preloading 0 native plugins for Editor in 0.00 ms.
Mono: successfully reloaded assembly
- Completed reload, in  1.185 seconds
Platform modules already initialized, skipping
Refreshing native plugins compatible for Editor in 0.76 ms, found 0 plugins.
Preloading 0 native plugins for Editor in 0.00 ms.
Unloading 1837 Unused Serialized files (Serialized files now loaded: 0)
System memory in use before: 81.7 MB.
System memory in use after: 81.8 MB.

Unloading 37 unused Assets to reduce memory usage. Loaded Objects now: 2333.
Total: 6.345100 ms (FindLiveObjects: 0.365700 ms CreateObjectMapping: 0.091900 ms MarkObjects: 5.857300 ms  DeleteObjects: 0.028800 ms)

========================================================================
Received Prepare
Registering precompiled user dll's ...
Registered in 0.005084 seconds.
Begin MonoManager ReloadAssembly
Native extension for WindowsStandalone target not found
Native extension for WebGL target not found
Refreshing native plugins compatible for Editor in 0.73 ms, found 0 plugins.
Preloading 0 native plugins for Editor in 0.00 ms.
Mono: successfully reloaded assembly
- Completed reload, in  1.163 seconds
Platform modules already initialized, skipping
Refreshing native plugins compatible for Editor in 0.81 ms, found 0 plugins.
Preloading 0 native plugins for Editor in 0.00 ms.
Unloading 1837 Unused Serialized files (Serialized files now loaded: 0)
System memory in use before: 81.7 MB.
System memory in use after: 81.9 MB.

Unloading 37 unused Assets to reduce memory usage. Loaded Objects now: 2336.
Total: 6.420600 ms (FindLiveObjects: 0.352700 ms CreateObjectMapping: 0.090500 ms MarkObjects: 5.929200 ms  DeleteObjects: 0.046700 ms)

========================================================================
Received Prepare
Registering precompiled user dll's ...
Registered in 0.005033 seconds.
Begin MonoManager ReloadAssembly
Native extension for WindowsStandalone target not found
Native extension for WebGL target not found
Refreshing native plugins compatible for Editor in 0.73 ms, found 0 plugins.
Preloading 0 native plugins for Editor in 0.00 ms.
Mono: successfully reloaded assembly
- Completed reload, in  1.183 seconds
Platform modules already initialized, skipping
Refreshing native plugins compatible for Editor in 0.74 ms, found 0 plugins.
Preloading 0 native plugins for Editor in 0.00 ms.
Unloading 1837 Unused Serialized files (Serialized files now loaded: 0)
System memory in use before: 81.8 MB.
System memory in use after: 81.9 MB.

Unloading 37 unused Assets to reduce memory usage. Loaded Objects now: 2339.
Total: 6.200200 ms (FindLiveObjects: 0.458700 ms CreateObjectMapping: 0.093600 ms MarkObjects: 5.607700 ms  DeleteObjects: 0.038200 ms)

========================================================================
Received Import Request.
  Time since last request: 1331.726167 seconds.
  path: Assets/Scripts
  artifactKey: Guid(1b0ca7572db4cb84caf75b22940e8c43) Importer(815301076,1909f56bfc062723c751e8b465ee728b)
Start importing Assets/Scripts using Guid(1b0ca7572db4cb84caf75b22940e8c43) Importer(815301076,1909f56bfc062723c751e8b465ee728b)  -> (artifact id: '9e76989d8248c32ecc98a470aec45143') in 0.014098 seconds
  Import took 0.018549 seconds .

========================================================================
Received Prepare
Registering precompiled user dll's ...
Registered in 0.005584 seconds.
Begin MonoManager ReloadAssembly
Native extension for WindowsStandalone target not found
Native extension for WebGL target not found
Refreshing native plugins compatible for Editor in 0.73 ms, found 0 plugins.
Preloading 0 native plugins for Editor in 0.00 ms.
Mono: successfully reloaded assembly
- Completed reload, in  1.168 seconds
Platform modules already initialized, skipping
Refreshing native plugins compatible for Editor in 0.74 ms, found 0 plugins.
Preloading 0 native plugins for Editor in 0.00 ms.
Unloading 1838 Unused Serialized files (Serialized files now loaded: 0)
System memory in use before: 81.8 MB.
System memory in use after: 81.9 MB.

Unloading 37 unused Assets to reduce memory usage. Loaded Objects now: 2343.
Total: 6.313300 ms (FindLiveObjects: 0.313500 ms CreateObjectMapping: 0.123700 ms MarkObjects: 5.839400 ms  DeleteObjects: 0.033400 ms)

========================================================================
Received Prepare
Registering precompiled user dll's ...
Registered in 0.004844 seconds.
Begin MonoManager ReloadAssembly
Native extension for WindowsStandalone target not found
Native extension for WebGL target not found
Refreshing native plugins compatible for Editor in 0.76 ms, found 0 plugins.
Preloading 0 native plugins for Editor in 0.00 ms.
Mono: successfully reloaded assembly
- Completed reload, in  1.160 seconds
Platform modules already initialized, skipping
Refreshing native plugins compatible for Editor in 0.82 ms, found 0 plugins.
Preloading 0 native plugins for Editor in 0.00 ms.
Unloading 1838 Unused Serialized files (Serialized files now loaded: 0)
System memory in use before: 81.8 MB.
System memory in use after: 81.9 MB.

Unloading 37 unused Assets to reduce memory usage. Loaded Objects now: 2346.
Total: 6.062200 ms (FindLiveObjects: 0.269200 ms CreateObjectMapping: 0.081000 ms MarkObjects: 5.676300 ms  DeleteObjects: 0.034300 ms)

========================================================================
Received Import Request.
  Time since last request: 1143.156053 seconds.
  path: Assets/Scenes
  artifactKey: Guid(7c01e931bfeea2d4cab11bcb6ded5c8b) Importer(815301076,1909f56bfc062723c751e8b465ee728b)
Start importing Assets/Scenes using Guid(7c01e931bfeea2d4cab11bcb6ded5c8b) Importer(815301076,1909f56bfc062723c751e8b465ee728b)  -> (artifact id: 'f37e71ae0acb235e3fe708f4bfae71bf') in 0.013867 seconds
  Import took 0.018542 seconds .

========================================================================
Received Prepare
Registering precompiled user dll's ...
Registered in 0.004950 seconds.
Begin MonoManager ReloadAssembly
Native extension for WindowsStandalone target not found
Native extension for WebGL target not found
Refreshing native plugins compatible for Editor in 0.73 ms, found 0 plugins.
Preloading 0 native plugins for Editor in 0.00 ms.
Mono: successfully reloaded assembly
- Completed reload, in  1.131 seconds
Platform modules already initialized, skipping
Refreshing native plugins compatible for Editor in 0.74 ms, found 0 plugins.
Preloading 0 native plugins for Editor in 0.00 ms.
Unloading 1838 Unused Serialized files (Serialized files now loaded: 0)
System memory in use before: 81.8 MB.
System memory in use after: 81.9 MB.

Unloading 37 unused Assets to reduce memory usage. Loaded Objects now: 2349.
Total: 5.931500 ms (FindLiveObjects: 0.254300 ms CreateObjectMapping: 0.075400 ms MarkObjects: 5.556500 ms  DeleteObjects: 0.043600 ms)

========================================================================
Received Prepare
Registering precompiled user dll's ...
Registered in 0.006930 seconds.
Begin MonoManager ReloadAssembly
Native extension for WindowsStandalone target not found
Native extension for WebGL target not found
Refreshing native plugins compatible for Editor in 0.72 ms, found 0 plugins.
Preloading 0 native plugins for Editor in 0.00 ms.
Mono: successfully reloaded assembly
- Completed reload, in  1.173 seconds
Platform modules already initialized, skipping
Refreshing native plugins compatible for Editor in 0.82 ms, found 0 plugins.
Preloading 0 native plugins for Editor in 0.00 ms.
Unloading 1838 Unused Serialized files (Serialized files now loaded: 0)
System memory in use before: 81.8 MB.
System memory in use after: 81.9 MB.

Unloading 37 unused Assets to reduce memory usage. Loaded Objects now: 2352.
Total: 6.285000 ms (FindLiveObjects: 0.298200 ms CreateObjectMapping: 0.087600 ms MarkObjects: 5.865500 ms  DeleteObjects: 0.031900 ms)

========================================================================
Received Prepare
Registering precompiled user dll's ...
Registered in 0.005617 seconds.
Begin MonoManager ReloadAssembly
Native extension for WindowsStandalone target not found
Native extension for WebGL target not found
Refreshing native plugins compatible for Editor in 0.76 ms, found 0 plugins.
Preloading 0 native plugins for Editor in 0.00 ms.
Mono: successfully reloaded assembly
- Completed reload, in  1.153 seconds
Platform modules already initialized, skipping
Refreshing native plugins compatible for Editor in 0.78 ms, found 0 plugins.
Preloading 0 native plugins for Editor in 0.00 ms.
Unloading 1838 Unused Serialized files (Serialized files now loaded: 0)
System memory in use before: 81.8 MB.
System memory in use after: 81.9 MB.

Unloading 37 unused Assets to reduce memory usage. Loaded Objects now: 2355.
Total: 6.161900 ms (FindLiveObjects: 0.257400 ms CreateObjectMapping: 0.079500 ms MarkObjects: 5.794900 ms  DeleteObjects: 0.028500 ms)

========================================================================
Received Prepare
Registering precompiled user dll's ...
Registered in 0.004729 seconds.
Begin MonoManager ReloadAssembly
Native extension for WindowsStandalone target not found
Native extension for WebGL target not found
Refreshing native plugins compatible for Editor in 0.73 ms, found 0 plugins.
Preloading 0 native plugins for Editor in 0.00 ms.
Mono: successfully reloaded assembly
- Completed reload, in  1.213 seconds
Platform modules already initialized, skipping
Refreshing native plugins compatible for Editor in 0.74 ms, found 0 plugins.
Preloading 0 native plugins for Editor in 0.00 ms.
Unloading 1838 Unused Serialized files (Serialized files now loaded: 0)
System memory in use before: 81.8 MB.
System memory in use after: 81.9 MB.

Unloading 37 unused Assets to reduce memory usage. Loaded Objects now: 2358.
Total: 5.953900 ms (FindLiveObjects: 0.244600 ms CreateObjectMapping: 0.080800 ms MarkObjects: 5.599100 ms  DeleteObjects: 0.028000 ms)

========================================================================
Received Prepare
Registering precompiled user dll's ...
Registered in 0.004857 seconds.
Begin MonoManager ReloadAssembly
Native extension for WindowsStandalone target not found
Native extension for WebGL target not found
Refreshing native plugins compatible for Editor in 0.77 ms, found 0 plugins.
Preloading 0 native plugins for Editor in 0.00 ms.
Mono: successfully reloaded assembly
- Completed reload, in  1.183 seconds
Platform modules already initialized, skipping
Refreshing native plugins compatible for Editor in 0.75 ms, found 0 plugins.
Preloading 0 native plugins for Editor in 0.00 ms.
Unloading 1838 Unused Serialized files (Serialized files now loaded: 0)
System memory in use before: 81.8 MB.
System memory in use after: 81.9 MB.

Unloading 37 unused Assets to reduce memory usage. Loaded Objects now: 2361.
Total: 6.062500 ms (FindLiveObjects: 0.225400 ms CreateObjectMapping: 0.075500 ms MarkObjects: 5.715400 ms  DeleteObjects: 0.045200 ms)

========================================================================
Received Prepare
Registering precompiled user dll's ...
Registered in 0.004915 seconds.
Begin MonoManager ReloadAssembly
Native extension for WindowsStandalone target not found
Native extension for WebGL target not found
Refreshing native plugins compatible for Editor in 0.93 ms, found 0 plugins.
Preloading 0 native plugins for Editor in 0.00 ms.
Mono: successfully reloaded assembly
- Completed reload, in  1.238 seconds
Platform modules already initialized, skipping
Refreshing native plugins compatible for Editor in 0.76 ms, found 0 plugins.
Preloading 0 native plugins for Editor in 0.00 ms.
Unloading 1838 Unused Serialized files (Serialized files now loaded: 0)
System memory in use before: 81.8 MB.
System memory in use after: 81.9 MB.

Unloading 37 unused Assets to reduce memory usage. Loaded Objects now: 2364.
Total: 6.321900 ms (FindLiveObjects: 0.287400 ms CreateObjectMapping: 0.078800 ms MarkObjects: 5.925100 ms  DeleteObjects: 0.028400 ms)

========================================================================
Received Prepare
Registering precompiled user dll's ...
Registered in 0.005508 seconds.
Begin MonoManager ReloadAssembly
Native extension for WindowsStandalone target not found
Native extension for WebGL target not found
Refreshing native plugins compatible for Editor in 0.79 ms, found 0 plugins.
Preloading 0 native plugins for Editor in 0.00 ms.
Mono: successfully reloaded assembly
- Completed reload, in  1.163 seconds
Platform modules already initialized, skipping
Refreshing native plugins compatible for Editor in 0.81 ms, found 0 plugins.
Preloading 0 native plugins for Editor in 0.00 ms.
Unloading 1838 Unused Serialized files (Serialized files now loaded: 0)
System memory in use before: 81.8 MB.
System memory in use after: 82.0 MB.

Unloading 37 unused Assets to reduce memory usage. Loaded Objects now: 2367.
Total: 10.987500 ms (FindLiveObjects: 0.287000 ms CreateObjectMapping: 0.157500 ms MarkObjects: 10.489100 ms  DeleteObjects: 0.051500 ms)

========================================================================
Received Prepare
Registering precompiled user dll's ...
Registered in 0.004927 seconds.
Begin MonoManager ReloadAssembly
Native extension for WindowsStandalone target not found
Native extension for WebGL target not found
Refreshing native plugins compatible for Editor in 0.72 ms, found 0 plugins.
Preloading 0 native plugins for Editor in 0.00 ms.
Mono: successfully reloaded assembly
- Completed reload, in  1.269 seconds
Platform modules already initialized, skipping
Refreshing native plugins compatible for Editor in 0.92 ms, found 0 plugins.
Preloading 0 native plugins for Editor in 0.00 ms.
Unloading 1838 Unused Serialized files (Serialized files now loaded: 0)
System memory in use before: 81.8 MB.
System memory in use after: 82.0 MB.

Unloading 37 unused Assets to reduce memory usage. Loaded Objects now: 2370.
Total: 6.278500 ms (FindLiveObjects: 0.413800 ms CreateObjectMapping: 0.099600 ms MarkObjects: 5.723100 ms  DeleteObjects: 0.040000 ms)

========================================================================
Received Import Request.
  Time since last request: 832.598548 seconds.
  path: Assets/Scripts/PauseMenu.cs
  artifactKey: Guid(deb27a78374a94e4d84e70578aeab353) Importer(815301076,1909f56bfc062723c751e8b465ee728b)
Start importing Assets/Scripts/PauseMenu.cs using Guid(deb27a78374a94e4d84e70578aeab353) Importer(815301076,1909f56bfc062723c751e8b465ee728b)  -> (artifact id: 'a1604cdfb26117ac86396d68ed2a4180') in 0.015977 seconds
  Import took 0.020504 seconds .

========================================================================
Received Prepare
Registering precompiled user dll's ...
Registered in 0.004758 seconds.
Begin MonoManager ReloadAssembly
Native extension for WindowsStandalone target not found
Native extension for WebGL target not found
Refreshing native plugins compatible for Editor in 1.04 ms, found 0 plugins.
Preloading 0 native plugins for Editor in 0.00 ms.
Mono: successfully reloaded assembly
- Completed reload, in  1.250 seconds
Platform modules already initialized, skipping
Refreshing native plugins compatible for Editor in 0.74 ms, found 0 plugins.
Preloading 0 native plugins for Editor in 0.00 ms.
Unloading 1838 Unused Serialized files (Serialized files now loaded: 0)
System memory in use before: 81.9 MB.
System memory in use after: 82.0 MB.

Unloading 37 unused Assets to reduce memory usage. Loaded Objects now: 2373.
Total: 6.107400 ms (FindLiveObjects: 0.357000 ms CreateObjectMapping: 0.094300 ms MarkObjects: 5.601100 ms  DeleteObjects: 0.053400 ms)

========================================================================
Received Prepare
Registering precompiled user dll's ...
Registered in 0.007940 seconds.
Begin MonoManager ReloadAssembly
Native extension for WindowsStandalone target not found
Native extension for WebGL target not found
Refreshing native plugins compatible for Editor in 0.75 ms, found 0 plugins.
Preloading 0 native plugins for Editor in 0.00 ms.
Mono: successfully reloaded assembly
- Completed reload, in  1.249 seconds
Platform modules already initialized, skipping
Refreshing native plugins compatible for Editor in 0.75 ms, found 0 plugins.
Preloading 0 native plugins for Editor in 0.00 ms.
Unloading 1838 Unused Serialized files (Serialized files now loaded: 0)
System memory in use before: 81.9 MB.
System memory in use after: 82.0 MB.

Unloading 37 unused Assets to reduce memory usage. Loaded Objects now: 2376.
Total: 6.123700 ms (FindLiveObjects: 0.200500 ms CreateObjectMapping: 0.094400 ms MarkObjects: 5.789900 ms  DeleteObjects: 0.037300 ms)

========================================================================
Received Prepare
Registering precompiled user dll's ...
Registered in 0.006591 seconds.
Begin MonoManager ReloadAssembly
Native extension for WindowsStandalone target not found
Native extension for WebGL target not found
Refreshing native plugins compatible for Editor in 0.90 ms, found 0 plugins.
Preloading 0 native plugins for Editor in 0.00 ms.
Mono: successfully reloaded assembly
- Completed reload, in  1.212 seconds
Platform modules already initialized, skipping
Refreshing native plugins compatible for Editor in 0.83 ms, found 0 plugins.
Preloading 0 native plugins for Editor in 0.00 ms.
Unloading 1838 Unused Serialized files (Serialized files now loaded: 0)
System memory in use before: 81.9 MB.
System memory in use after: 82.0 MB.

Unloading 37 unused Assets to reduce memory usage. Loaded Objects now: 2379.
Total: 7.784600 ms (FindLiveObjects: 0.230900 ms CreateObjectMapping: 0.075800 ms MarkObjects: 7.446500 ms  DeleteObjects: 0.029200 ms)

========================================================================
Received Prepare
Registering precompiled user dll's ...
Registered in 0.004905 seconds.
Begin MonoManager ReloadAssembly
Native extension for WindowsStandalone target not found
Native extension for WebGL target not found
Refreshing native plugins compatible for Editor in 0.74 ms, found 0 plugins.
Preloading 0 native plugins for Editor in 0.00 ms.
Mono: successfully reloaded assembly
- Completed reload, in  1.188 seconds
Platform modules already initialized, skipping
Refreshing native plugins compatible for Editor in 0.92 ms, found 0 plugins.
Preloading 0 native plugins for Editor in 0.00 ms.
Unloading 1838 Unused Serialized files (Serialized files now loaded: 0)
System memory in use before: 81.9 MB.
System memory in use after: 82.0 MB.

Unloading 37 unused Assets to reduce memory usage. Loaded Objects now: 2382.
Total: 6.248400 ms (FindLiveObjects: 0.379500 ms CreateObjectMapping: 0.090700 ms MarkObjects: 5.745900 ms  DeleteObjects: 0.030200 ms)

========================================================================
Received Prepare
Registering precompiled user dll's ...
Registered in 0.004960 seconds.
Begin MonoManager ReloadAssembly
Native extension for WindowsStandalone target not found
Native extension for WebGL target not found
Refreshing native plugins compatible for Editor in 0.76 ms, found 0 plugins.
Preloading 0 native plugins for Editor in 0.00 ms.
Mono: successfully reloaded assembly
- Completed reload, in  1.186 seconds
Platform modules already initialized, skipping
Refreshing native plugins compatible for Editor in 0.81 ms, found 0 plugins.
Preloading 0 native plugins for Editor in 0.00 ms.
Unloading 1838 Unused Serialized files (Serialized files now loaded: 0)
System memory in use before: 81.9 MB.
System memory in use after: 82.0 MB.

Unloading 37 unused Assets to reduce memory usage. Loaded Objects now: 2385.
Total: 6.286400 ms (FindLiveObjects: 0.443900 ms CreateObjectMapping: 0.088300 ms MarkObjects: 5.724700 ms  DeleteObjects: 0.027400 ms)

========================================================================
Received Prepare
Registering precompiled user dll's ...
Registered in 0.004870 seconds.
Begin MonoManager ReloadAssembly
Native extension for WindowsStandalone target not found
Native extension for WebGL target not found
Refreshing native plugins compatible for Editor in 0.77 ms, found 0 plugins.
Preloading 0 native plugins for Editor in 0.00 ms.
Mono: successfully reloaded assembly
- Completed reload, in  1.215 seconds
Platform modules already initialized, skipping
Refreshing native plugins compatible for Editor in 0.77 ms, found 0 plugins.
Preloading 0 native plugins for Editor in 0.00 ms.
Unloading 1838 Unused Serialized files (Serialized files now loaded: 0)
System memory in use before: 81.9 MB.
System memory in use after: 82.0 MB.

Unloading 37 unused Assets to reduce memory usage. Loaded Objects now: 2388.
Total: 6.112400 ms (FindLiveObjects: 0.340700 ms CreateObjectMapping: 0.084800 ms MarkObjects: 5.654700 ms  DeleteObjects: 0.030400 ms)

========================================================================
Received Prepare
Registering precompiled user dll's ...
Registered in 0.004907 seconds.
Begin MonoManager ReloadAssembly
Native extension for WindowsStandalone target not found
Native extension for WebGL target not found
Refreshing native plugins compatible for Editor in 0.85 ms, found 0 plugins.
Preloading 0 native plugins for Editor in 0.00 ms.
Mono: successfully reloaded assembly
- Completed reload, in  1.825 seconds
Platform modules already initialized, skipping
Refreshing native plugins compatible for Editor in 1.03 ms, found 0 plugins.
Preloading 0 native plugins for Editor in 0.00 ms.
Unloading 1838 Unused Serialized files (Serialized files now loaded: 0)
System memory in use before: 81.9 MB.
System memory in use after: 82.0 MB.

Unloading 37 unused Assets to reduce memory usage. Loaded Objects now: 2391.
Total: 10.671100 ms (FindLiveObjects: 0.745700 ms CreateObjectMapping: 0.090200 ms MarkObjects: 9.713900 ms  DeleteObjects: 0.087600 ms)

========================================================================
Received Prepare
Registering precompiled user dll's ...
Registered in 0.005200 seconds.
Begin MonoManager ReloadAssembly
Native extension for WindowsStandalone target not found
Native extension for WebGL target not found
Refreshing native plugins compatible for Editor in 0.75 ms, found 0 plugins.
Preloading 0 native plugins for Editor in 0.00 ms.
Mono: successfully reloaded assembly
- Completed reload, in  1.316 seconds
Platform modules already initialized, skipping
Refreshing native plugins compatible for Editor in 0.80 ms, found 0 plugins.
Preloading 0 native plugins for Editor in 0.00 ms.
Unloading 1838 Unused Serialized files (Serialized files now loaded: 0)
System memory in use before: 81.9 MB.
System memory in use after: 82.0 MB.

Unloading 37 unused Assets to reduce memory usage. Loaded Objects now: 2394.
Total: 6.470900 ms (FindLiveObjects: 0.294600 ms CreateObjectMapping: 0.083300 ms MarkObjects: 6.046700 ms  DeleteObjects: 0.043900 ms)

========================================================================
Received Prepare
Registering precompiled user dll's ...
Registered in 0.005716 seconds.
Begin MonoManager ReloadAssembly
Native extension for WindowsStandalone target not found
Native extension for WebGL target not found
Refreshing native plugins compatible for Editor in 1.14 ms, found 0 plugins.
Preloading 0 native plugins for Editor in 0.00 ms.
Mono: successfully reloaded assembly
- Completed reload, in  1.440 seconds
Platform modules already initialized, skipping
Refreshing native plugins compatible for Editor in 0.81 ms, found 0 plugins.
Preloading 0 native plugins for Editor in 0.00 ms.
Unloading 1838 Unused Serialized files (Serialized files now loaded: 0)
System memory in use before: 81.9 MB.
System memory in use after: 82.0 MB.

Unloading 37 unused Assets to reduce memory usage. Loaded Objects now: 2397.
Total: 7.403900 ms (FindLiveObjects: 0.323200 ms CreateObjectMapping: 0.079200 ms MarkObjects: 6.964800 ms  DeleteObjects: 0.035000 ms)

========================================================================
Received Prepare
Registering precompiled user dll's ...
Registered in 0.005609 seconds.
Begin MonoManager ReloadAssembly
Native extension for WindowsStandalone target not found
Native extension for WebGL target not found
Refreshing native plugins compatible for Editor in 0.74 ms, found 0 plugins.
Preloading 0 native plugins for Editor in 0.00 ms.
Mono: successfully reloaded assembly
- Completed reload, in  1.334 seconds
Platform modules already initialized, skipping
Refreshing native plugins compatible for Editor in 0.74 ms, found 0 plugins.
Preloading 0 native plugins for Editor in 0.00 ms.
Unloading 1838 Unused Serialized files (Serialized files now loaded: 0)
System memory in use before: 81.9 MB.
System memory in use after: 82.0 MB.

Unloading 37 unused Assets to reduce memory usage. Loaded Objects now: 2400.
Total: 6.321200 ms (FindLiveObjects: 0.445900 ms CreateObjectMapping: 0.096800 ms MarkObjects: 5.747500 ms  DeleteObjects: 0.029000 ms)

========================================================================
Received Import Request.
  Time since last request: 877.545635 seconds.
  path: Assets/Scenes/Level Main.unity
  artifactKey: Guid(63cccbdac2e9330419c0a0395bd681c9) Importer(815301076,1909f56bfc062723c751e8b465ee728b)
Start importing Assets/Scenes/Level Main.unity using Guid(63cccbdac2e9330419c0a0395bd681c9) Importer(815301076,1909f56bfc062723c751e8b465ee728b)  -> (artifact id: 'b1bce26336f8a45276704e5882e73665') in 0.021984 seconds
  Import took 0.026278 seconds .

========================================================================
Received Prepare
Refreshing native plugins compatible for Editor in 12.28 ms, found 0 plugins.
Preloading 0 native plugins for Editor in 0.00 ms.
Unloading 36 Unused Serialized files (Serialized files now loaded: 0)
System memory in use before: 46.3 MB.
System memory in use after: 46.4 MB.

Unloading 35 unused Assets to reduce memory usage. Loaded Objects now: 2400.
Total: 7.022500 ms (FindLiveObjects: 0.293800 ms CreateObjectMapping: 0.079000 ms MarkObjects: 6.619100 ms  DeleteObjects: 0.028700 ms)

========================================================================
Received Prepare
Registering precompiled user dll's ...
Registered in 0.004732 seconds.
Begin MonoManager ReloadAssembly
Native extension for WindowsStandalone target not found
Native extension for WebGL target not found
Refreshing native plugins compatible for Editor in 0.84 ms, found 0 plugins.
Preloading 0 native plugins for Editor in 0.00 ms.
Mono: successfully reloaded assembly
- Completed reload, in  1.325 seconds
Platform modules already initialized, skipping
Refreshing native plugins compatible for Editor in 0.83 ms, found 0 plugins.
Preloading 0 native plugins for Editor in 0.00 ms.
Unloading 1838 Unused Serialized files (Serialized files now loaded: 0)
System memory in use before: 81.8 MB.
System memory in use after: 81.9 MB.

Unloading 37 unused Assets to reduce memory usage. Loaded Objects now: 2403.
Total: 6.587900 ms (FindLiveObjects: 0.388000 ms CreateObjectMapping: 0.079700 ms MarkObjects: 6.086300 ms  DeleteObjects: 0.031600 ms)

========================================================================
Received Prepare
Refreshing native plugins compatible for Editor in 11.85 ms, found 0 plugins.
Preloading 0 native plugins for Editor in 0.00 ms.
Unloading 36 Unused Serialized files (Serialized files now loaded: 0)
System memory in use before: 46.2 MB.
System memory in use after: 46.3 MB.

Unloading 35 unused Assets to reduce memory usage. Loaded Objects now: 2403.
Total: 5.941200 ms (FindLiveObjects: 0.261100 ms CreateObjectMapping: 0.074900 ms MarkObjects: 5.562200 ms  DeleteObjects: 0.040900 ms)

========================================================================
Received Prepare
Refreshing native plugins compatible for Editor in 12.30 ms, found 0 plugins.
Preloading 0 native plugins for Editor in 0.00 ms.
Unloading 36 Unused Serialized files (Serialized files now loaded: 0)
System memory in use before: 46.2 MB.
System memory in use after: 46.3 MB.

Unloading 35 unused Assets to reduce memory usage. Loaded Objects now: 2403.
Total: 6.378400 ms (FindLiveObjects: 0.250500 ms CreateObjectMapping: 0.078500 ms MarkObjects: 6.013400 ms  DeleteObjects: 0.034300 ms)

========================================================================
Received Prepare
Refreshing native plugins compatible for Editor in 13.36 ms, found 0 plugins.
Preloading 0 native plugins for Editor in 0.00 ms.
Unloading 36 Unused Serialized files (Serialized files now loaded: 0)
System memory in use before: 46.3 MB.
System memory in use after: 46.4 MB.

Unloading 35 unused Assets to reduce memory usage. Loaded Objects now: 2403.
Total: 5.988100 ms (FindLiveObjects: 0.268600 ms CreateObjectMapping: 0.073000 ms MarkObjects: 5.607900 ms  DeleteObjects: 0.036800 ms)

AssetImportWorkerClient::OnTransportError - code=2 error=End of file
